<?xml version="1.0" encoding="UTF-8"?>
<!-- Generated by org.testng.reporters.JUnitReportReporter -->
<testsuite skipped="0" hostname="LAPTOP-TTH4L307" name="selenumexeption.SearchGoogle" tests="1" failures="0" timestamp="28 Oct 2018 07:47:47 GMT" time="25.012" errors="0">
  <testcase name="testSearch" time="25.012" classname="selenumexeption.SearchGoogle"/>
</testsuite> <!-- selenumexeption.SearchGoogle -->
